<?xml version="1.0" encoding="UTF-8"?>
<testng-results skipped="0" failed="0" total="1" passed="1">
  <reporter-output>
  </reporter-output>
  <suite name="Single" duration-ms="35649" started-at="2019-11-13T07:04:51Z" finished-at="2019-11-13T07:05:27Z">
    <groups>
    </groups>
    <test name="SingleTest" duration-ms="35649" started-at="2019-11-13T07:04:51Z" finished-at="2019-11-13T07:05:27Z">
      <class name="com.browserstack.SingleTest">
        <test-method status="PASS" signature="setUp(java.lang.String, java.lang.String)[pri:0, instance:com.browserstack.SingleTest@2c9f9fb0]" name="setUp" is-config="true" duration-ms="19980" started-at="2019-11-13T12:34:51Z" finished-at="2019-11-13T12:35:11Z">
          <params>
            <param index="0">
              <value>
                <![CDATA[single.conf.json]]>
              </value>
            </param>
            <param index="1">
              <value>
                <![CDATA[iPhone_7]]>
              </value>
            </param>
          </params>
          <reporter-output>
          </reporter-output>
        </test-method> <!-- setUp -->
        <test-method status="PASS" signature="test()[pri:0, instance:com.browserstack.SingleTest@2c9f9fb0]" name="test" duration-ms="14904" started-at="2019-11-13T12:35:11Z" finished-at="2019-11-13T12:35:26Z">
          <reporter-output>
          </reporter-output>
        </test-method> <!-- test -->
        <test-method status="PASS" signature="tearDown()[pri:0, instance:com.browserstack.SingleTest@2c9f9fb0]" name="tearDown" is-config="true" duration-ms="755" started-at="2019-11-13T12:35:26Z" finished-at="2019-11-13T12:35:27Z">
          <reporter-output>
          </reporter-output>
        </test-method> <!-- tearDown -->
      </class> <!-- com.browserstack.SingleTest -->
    </test> <!-- SingleTest -->
  </suite> <!-- Single -->
</testng-results>
